0 info it worked if it ends with ok
1 verbose cli [ 'C:\\Program Files\\nodejs\\\\node.exe',
1 verbose cli   'C:\\Program Files\\nodejs\\node_modules\\npm\\bin\\npm-cli.js',
1 verbose cli   'install',
1 verbose cli   'ui-grid' ]
2 info using npm@2.10.1
3 info using node@v0.12.4
4 verbose install initial load of C:\DartsWorkspace\DartClient\package.json
5 warn package.json client@0.0.0 No description
6 warn package.json client@0.0.0 No repository field.
7 warn package.json client@0.0.0 No README data
8 warn package.json client@0.0.0 No license field.
9 verbose installManyTop reading scoped package data from C:\DartsWorkspace\DartClient\node_modules\angular\package.json
10 verbose installManyTop reading scoped package data from C:\DartsWorkspace\DartClient\node_modules\angular-animate\package.json
11 verbose installManyTop reading scoped package data from C:\DartsWorkspace\DartClient\node_modules\angular-bootstrap\package.json
12 verbose installManyTop reading scoped package data from C:\DartsWorkspace\DartClient\node_modules\angular-ui-router\package.json
13 verbose installManyTop reading scoped package data from C:\DartsWorkspace\DartClient\node_modules\bootstrap\package.json
14 verbose installManyTop reading scoped package data from C:\DartsWorkspace\DartClient\node_modules\connect-modrewrite\package.json
15 verbose installManyTop reading scoped package data from C:\DartsWorkspace\DartClient\node_modules\grunt\package.json
16 verbose installManyTop reading scoped package data from C:\DartsWorkspace\DartClient\node_modules\grunt-autoprefixer\package.json
17 verbose installManyTop reading scoped package data from C:\DartsWorkspace\DartClient\node_modules\grunt-concurrent\package.json
18 verbose installManyTop reading scoped package data from C:\DartsWorkspace\DartClient\node_modules\grunt-contrib-clean\package.json
19 verbose installManyTop reading scoped package data from C:\DartsWorkspace\DartClient\node_modules\grunt-contrib-concat\package.json
20 verbose installManyTop reading scoped package data from C:\DartsWorkspace\DartClient\node_modules\grunt-contrib-connect\package.json
21 verbose installManyTop reading scoped package data from C:\DartsWorkspace\DartClient\node_modules\grunt-contrib-copy\package.json
22 verbose installManyTop reading scoped package data from C:\DartsWorkspace\DartClient\node_modules\grunt-contrib-cssmin\package.json
23 verbose installManyTop reading scoped package data from C:\DartsWorkspace\DartClient\node_modules\grunt-contrib-htmlmin\package.json
24 verbose installManyTop reading scoped package data from C:\DartsWorkspace\DartClient\node_modules\grunt-contrib-imagemin\package.json
25 verbose installManyTop reading scoped package data from C:\DartsWorkspace\DartClient\node_modules\grunt-contrib-jshint\package.json
26 verbose installManyTop reading scoped package data from C:\DartsWorkspace\DartClient\node_modules\grunt-contrib-uglify\package.json
27 verbose installManyTop reading scoped package data from C:\DartsWorkspace\DartClient\node_modules\grunt-contrib-watch\package.json
28 verbose installManyTop reading scoped package data from C:\DartsWorkspace\DartClient\node_modules\grunt-filerev\package.json
29 verbose installManyTop reading scoped package data from C:\DartsWorkspace\DartClient\node_modules\grunt-google-cdn\package.json
30 verbose installManyTop reading scoped package data from C:\DartsWorkspace\DartClient\node_modules\grunt-karma\package.json
31 verbose installManyTop reading scoped package data from C:\DartsWorkspace\DartClient\node_modules\grunt-newer\package.json
32 verbose installManyTop reading scoped package data from C:\DartsWorkspace\DartClient\node_modules\grunt-ng-annotate\package.json
33 verbose installManyTop reading scoped package data from C:\DartsWorkspace\DartClient\node_modules\grunt-svgmin\package.json
34 verbose installManyTop reading scoped package data from C:\DartsWorkspace\DartClient\node_modules\grunt-usemin\package.json
35 verbose installManyTop reading scoped package data from C:\DartsWorkspace\DartClient\node_modules\grunt-wiredep\package.json
36 verbose installManyTop reading scoped package data from C:\DartsWorkspace\DartClient\node_modules\jasmine-core\package.json
37 verbose installManyTop reading scoped package data from C:\DartsWorkspace\DartClient\node_modules\jquery\package.json
38 verbose installManyTop reading scoped package data from C:\DartsWorkspace\DartClient\node_modules\jshint-stylish\package.json
39 verbose installManyTop reading scoped package data from C:\DartsWorkspace\DartClient\node_modules\karma\package.json
40 verbose installManyTop reading scoped package data from C:\DartsWorkspace\DartClient\node_modules\karma-jasmine\package.json
41 verbose installManyTop reading scoped package data from C:\DartsWorkspace\DartClient\node_modules\karma-phantomjs-launcher\package.json
42 verbose installManyTop reading scoped package data from C:\DartsWorkspace\DartClient\node_modules\load-grunt-tasks\package.json
43 verbose installManyTop reading scoped package data from C:\DartsWorkspace\DartClient\node_modules\time-grunt\package.json
44 info package.json grunt-contrib-connect@0.7.1 No license field.
45 info package.json grunt-contrib-jshint@0.10.0 No license field.
46 info package.json karma-phantomjs-launcher@0.1.4 No README data
47 info package.json connect-modrewrite@0.7.12 No license field.
48 info package.json grunt@0.4.5 No license field.
49 info package.json grunt-concurrent@0.5.0 No license field.
50 info package.json grunt-contrib-copy@0.5.0 No license field.
51 info package.json grunt-contrib-concat@0.4.0 No license field.
52 info package.json grunt-contrib-cssmin@0.9.0 No license field.
53 info package.json grunt-contrib-clean@0.5.0 No license field.
54 info package.json grunt-contrib-imagemin@0.8.1 No license field.
55 info package.json grunt-contrib-htmlmin@0.3.0 No license field.
56 info package.json grunt-contrib-watch@0.6.1 No license field.
57 info package.json grunt-newer@0.7.0 No license field.
58 info package.json grunt-filerev@0.2.1 No license field.
59 info package.json bootstrap@3.3.4 license should be a valid SPDX license expression
60 info package.json grunt-google-cdn@0.4.3 license should be a valid SPDX license expression
61 info package.json grunt-contrib-uglify@0.4.1 No license field.
62 info package.json grunt-svgmin@0.4.0 No license field.
63 info package.json grunt-ng-annotate@0.4.0 No license field.
64 info package.json angular-ui-router@0.2.15 No license field.
65 info package.json grunt-wiredep@1.9.0 No license field.
66 info package.json jquery@2.1.4 No license field.
67 verbose readDependencies loading dependencies from C:\DartsWorkspace\DartClient\package.json
68 silly cache add args [ 'ui-grid', null ]
69 verbose cache add spec ui-grid
70 silly cache add parsed spec { raw: 'ui-grid',
70 silly cache add   scope: null,
70 silly cache add   name: 'ui-grid',
70 silly cache add   rawSpec: '',
70 silly cache add   spec: '*',
70 silly cache add   type: 'range' }
71 silly addNamed ui-grid@*
72 verbose addNamed "*" is a valid semver range for ui-grid
73 silly addNameRange { name: 'ui-grid', range: '*', hasData: false }
74 silly mapToRegistry name ui-grid
75 silly mapToRegistry using default registry
76 silly mapToRegistry registry https://registry.npmjs.org/
77 silly mapToRegistry uri https://registry.npmjs.org/ui-grid
78 verbose addNameRange registry:https://registry.npmjs.org/ui-grid not in flight; fetching
79 verbose request uri https://registry.npmjs.org/ui-grid
80 verbose request no auth needed
81 info attempt registry request try #1 at 4:56:42 AM
82 verbose request id cd24e7251df77c72
83 http request GET https://registry.npmjs.org/ui-grid
84 http 404 https://registry.npmjs.org/ui-grid
85 verbose headers { server: 'CouchDB/1.5.0 (Erlang OTP/R16B03)',
85 verbose headers   'content-type': 'application/json',
85 verbose headers   'cache-control': 'max-age=0',
85 verbose headers   'content-length': '51',
85 verbose headers   'accept-ranges': 'bytes',
85 verbose headers   date: 'Thu, 28 May 2015 23:23:02 GMT',
85 verbose headers   via: '1.1 varnish',
85 verbose headers   age: '0',
85 verbose headers   connection: 'close',
85 verbose headers   'x-served-by': 'cache-atl6229-ATL',
85 verbose headers   'x-cache': 'MISS',
85 verbose headers   'x-cache-hits': '0',
85 verbose headers   'x-timer': 'S1432855382.226071,VS0,VE121' }
86 silly get cb [ 404,
86 silly get   { server: 'CouchDB/1.5.0 (Erlang OTP/R16B03)',
86 silly get     'content-type': 'application/json',
86 silly get     'cache-control': 'max-age=0',
86 silly get     'content-length': '51',
86 silly get     'accept-ranges': 'bytes',
86 silly get     date: 'Thu, 28 May 2015 23:23:02 GMT',
86 silly get     via: '1.1 varnish',
86 silly get     age: '0',
86 silly get     connection: 'close',
86 silly get     'x-served-by': 'cache-atl6229-ATL',
86 silly get     'x-cache': 'MISS',
86 silly get     'x-cache-hits': '0',
86 silly get     'x-timer': 'S1432855382.226071,VS0,VE121' } ]
87 verbose stack Error: 404 Not Found: ui-grid
87 verbose stack     at CachingRegistryClient.<anonymous> (C:\Program Files\nodejs\node_modules\npm\node_modules\npm-registry-client\lib\request.js:245:14)
87 verbose stack     at Request._callback (C:\Program Files\nodejs\node_modules\npm\node_modules\npm-registry-client\lib\request.js:170:14)
87 verbose stack     at Request.self.callback (C:\Program Files\nodejs\node_modules\npm\node_modules\request\request.js:368:22)
87 verbose stack     at Request.emit (events.js:110:17)
87 verbose stack     at Request.<anonymous> (C:\Program Files\nodejs\node_modules\npm\node_modules\request\request.js:1219:14)
87 verbose stack     at Request.emit (events.js:129:20)
87 verbose stack     at IncomingMessage.<anonymous> (C:\Program Files\nodejs\node_modules\npm\node_modules\request\request.js:1167:12)
87 verbose stack     at IncomingMessage.emit (events.js:129:20)
87 verbose stack     at _stream_readable.js:908:16
87 verbose stack     at process._tickCallback (node.js:355:11)
88 verbose statusCode 404
89 verbose pkgid ui-grid
90 verbose cwd C:\DartsWorkspace\DartClient
91 error Windows_NT 6.3.9600
92 error argv "C:\\Program Files\\nodejs\\\\node.exe" "C:\\Program Files\\nodejs\\node_modules\\npm\\bin\\npm-cli.js" "install" "ui-grid"
93 error node v0.12.4
94 error npm  v2.10.1
95 error code E404
96 error 404 Not Found: ui-grid
96 error 404
96 error 404 'ui-grid' is not in the npm registry.
96 error 404 You should bug the author to publish it (or use the name yourself!)
96 error 404 It was specified as a dependency of 'client'
96 error 404
96 error 404 Note that you can also install from a
96 error 404 tarball, folder, http url, or git url.
97 verbose exit [ 1, true ]
